<?xml version="1.0" encoding="UTF-8"?>
<!-- Generated by org.testng.reporters.JUnitReportReporter -->
<testsuite hostname="MBSIT" failures="0" tests="2" name="day35.pack1.Class2" time="0.005" errors="0" timestamp="2023-06-12T12:38:48 IST" skipped="0">
  <testcase classname="day35.pack1.Class2" name="xyz" time="0.005"/>
  <testcase classname="day35.pack1.Class2" name="xyz" time="0.000"/>
</testsuite> <!-- day35.pack1.Class2 -->
