<?xml version="1.0" encoding="UTF-8"?>
<!-- Generated by org.testng.reporters.JUnitReportReporter -->
<testsuite hostname="MBSIT" failures="0" tests="2" name="day35.AnnotationsDemo1" time="0.014" errors="0" timestamp="2023-06-12T11:13:15 IST" skipped="0">
  <testcase classname="day35.AnnotationsDemo1" name="search" time="0.011"/>
  <testcase classname="day35.AnnotationsDemo1" name="advancedsearch" time="0.003"/>
</testsuite> <!-- day35.AnnotationsDemo1 -->
