<?xml version="1.0" encoding="UTF-8"?>
<!-- Generated by org.testng.reporters.JUnitReportReporter -->
<testsuite hostname="MBSIT" failures="0" tests="1" name="day34.SecondTest" time="1.889" errors="0" timestamp="2023-06-09T11:23:06 IST" skipped="0">
  <testcase classname="day34.SecondTest" name="loginapp" time="1.889"/>
</testsuite> <!-- day34.SecondTest -->
