<?xml version="1.0" encoding="UTF-8"?>
<!-- Generated by org.testng.reporters.JUnitReportReporter -->
<testsuite hostname="MBSIT" failures="0" tests="3" name="day38.NopCommerceTest" time="12.108" errors="0" timestamp="2023-06-14T15:16:22 IST" skipped="0">
  <testcase classname="day38.NopCommerceTest" name="testLogo" time="0.083"/>
  <testcase classname="day38.NopCommerceTest" name="testLogin" time="8.008"/>
  <testcase classname="day38.NopCommerceTest" name="testLogout" time="4.017"/>
</testsuite> <!-- day38.NopCommerceTest -->
