<?xml version="1.0" encoding="UTF-8"?>
<!-- Generated by org.testng.reporters.JUnitReportReporter -->
<testsuite hostname="MBSIT" failures="0" tests="4" name="day37.ParamTest" time="0.069" errors="0" timestamp="2023-06-13T16:03:32 IST" skipped="0">
  <testcase classname="day37.ParamTest" name="testlogo" time="0.035"/>
  <testcase classname="day37.ParamTest" name="testlogo" time="0.025"/>
  <testcase classname="day37.ParamTest" name="testHomePageTitle" time="0.004"/>
  <testcase classname="day37.ParamTest" name="testHomePageTitle" time="0.005"/>
</testsuite> <!-- day37.ParamTest -->
