<?xml version="1.0" encoding="UTF-8"?>
<!-- Generated by org.testng.reporters.JUnitReportReporter -->
<testsuite hostname="MBSIT" failures="0" tests="2" name="day34.FirstTest" time="0.008" errors="0" timestamp="2023-06-08T16:57:36 IST" skipped="0">
  <testcase classname="day34.FirstTest" name="f" time="0.007"/>
  <testcase classname="day34.FirstTest" name="f1" time="0.001"/>
</testsuite> <!-- day34.FirstTest -->
