<?xml version="1.0" encoding="UTF-8"?>
<!-- Generated by org.testng.reporters.JUnitReportReporter -->
<testsuite hostname="MBSIT" failures="0" tests="2" name="day35.AllAnnotations" time="0.007" errors="0" timestamp="2023-06-12T12:57:49 IST" skipped="0">
  <testcase classname="day35.AllAnnotations" name="tm1" time="0.005"/>
  <testcase classname="day35.AllAnnotations" name="tm2" time="0.002"/>
</testsuite> <!-- day35.AllAnnotations -->
