<?xml version="1.0" encoding="UTF-8"?>
<!-- Generated by org.testng.reporters.JUnitReportReporter -->
<testsuite hostname="MBSIT" failures="0" tests="2" name="day39.LoginTest" time="2.111" errors="0" timestamp="2023-06-19T16:41:15 IST" skipped="0">
  <testcase classname="day39.LoginTest" name="testlogo" time="0.497"/>
  <testcase classname="day39.LoginTest" name="testLogin" time="1.614"/>
</testsuite> <!-- day39.LoginTest -->
