<?xml version="1.0" encoding="UTF-8"?>
<!-- Generated by org.testng.reporters.JUnitReportReporter -->
<testsuite hostname="MBSIT" failures="0" tests="10" name="day37.InvocationCount" time="0.019" errors="0" timestamp="2023-06-13T13:56:12 IST" skipped="0">
  <testcase classname="day37.InvocationCount" name="test" time="0.001"/>
  <testcase classname="day37.InvocationCount" name="test" time="0.001"/>
  <testcase classname="day37.InvocationCount" name="test" time="0.000"/>
  <testcase classname="day37.InvocationCount" name="test" time="0.009"/>
  <testcase classname="day37.InvocationCount" name="test" time="0.002"/>
  <testcase classname="day37.InvocationCount" name="test" time="0.001"/>
  <testcase classname="day37.InvocationCount" name="test" time="0.001"/>
  <testcase classname="day37.InvocationCount" name="test" time="0.001"/>
  <testcase classname="day37.InvocationCount" name="test" time="0.001"/>
  <testcase classname="day37.InvocationCount" name="test" time="0.002"/>
</testsuite> <!-- day37.InvocationCount -->
