<?xml version="1.0" encoding="UTF-8"?>
<!-- Generated by org.testng.reporters.JUnitReportReporter -->
<testsuite hostname="MBSIT" failures="0" tests="3" name="day36.Grouping" time="0.015" errors="0" timestamp="2023-06-12T17:06:30 IST" skipped="0">
  <testcase classname="day36.Grouping" name="signupByfacebook" time="0.012"/>
  <testcase classname="day36.Grouping" name="signupBytwitter" time="0.002"/>
  <testcase classname="day36.Grouping" name="paymentReturnbyBank" time="0.001"/>
</testsuite> <!-- day36.Grouping -->
