<?xml version="1.0" encoding="UTF-8"?>
<!-- Generated by org.testng.reporters.JUnitReportReporter -->
<testsuite hostname="MBSIT" failures="0" tests="1" name="day35.HardAssertions" time="0.014" errors="0" timestamp="2023-06-12T15:23:50 IST" skipped="0">
  <testcase classname="day35.HardAssertions" name="test" time="0.014"/>
</testsuite> <!-- day35.HardAssertions -->
